# JRE version: Java(TM) SE Runtime Environment (8.0_51-b16) (build 1.8.0_51-b16)
# Java VM: Java HotSpot(TM) 64-Bit Server VM (25.51-b03 mixed mode bsd-amd64 compressed oops)
Heap:
 PSYoungGen      total 32768K, used 29485K [0x0000000795580000, 0x0000000797f80000, 0x00000007c0000000)
  eden space 29696K, 89% used [0x0000000795580000,0x0000000796f7b4a8,0x0000000797280000)
  from space 3072K, 93% used [0x0000000797300000,0x00000007975d0000,0x0000000797600000)
  to   space 6656K, 0% used [0x0000000797900000,0x0000000797900000,0x0000000797f80000)
 ParOldGen       total 87552K, used 3275K [0x0000000740000000, 0x0000000745580000, 0x0000000795580000)
  object space 87552K, 3% used [0x0000000740000000,0x0000000740332ec0,0x0000000745580000)
 Metaspace       used 13047K, capacity 13213K, committed 13312K, reserved 1060864K
  class space    used 1467K, capacity 1533K, committed 1536K, reserved 1048576K
GC Heap History (10 events):
Event: 12.060 GC heap before
{Heap before GC invocations=7 (full 0):
 PSYoungGen      total 37888K, used 37664K [0x0000000795580000, 0x0000000798100000, 0x00000007c0000000)
  eden space 32256K, 100% used [0x0000000795580000,0x0000000797500000,0x0000000797500000)
  from space 5632K, 96% used [0x0000000797b80000,0x00000007980c8030,0x0000000798100000)
  to   space 6144K, 0% used [0x0000000797500000,0x0000000797500000,0x0000000797b00000)
 ParOldGen       total 87552K, used 901K [0x0000000740000000, 0x0000000745580000, 0x0000000795580000)
  object space 87552K, 1% used [0x0000000740000000,0x00000007400e16e0,0x0000000745580000)
 Metaspace       used 13039K, capacity 13213K, committed 13312K, reserved 1060864K
  class space    used 1467K, capacity 1533K, committed 1536K, reserved 1048576K
Event: 12.073 GC heap after
Heap after GC invocations=7 (full 0):
 PSYoungGen      total 37888K, used 3072K [0x0000000795580000, 0x0000000798180000, 0x00000007c0000000)
  eden space 31744K, 0% used [0x0000000795580000,0x0000000795580000,0x0000000797480000)
  from space 6144K, 50% used [0x0000000797500000,0x0000000797800000,0x0000000797b00000)
  to   space 6656K, 0% used [0x0000000797b00000,0x0000000797b00000,0x0000000798180000)
 ParOldGen       total 87552K, used 3195K [0x0000000740000000, 0x0000000745580000, 0x0000000795580000)
  object space 87552K, 3% used [0x0000000740000000,0x000000074031eec0,0x0000000745580000)
 Metaspace       used 13039K, capacity 13213K, committed 13312K, reserved 1060864K
  class space    used 1467K, capacity 1533K, committed 1536K, reserved 1048576K
}
Event: 13.876 GC heap before
{Heap before GC invocations=8 (full 0):
 PSYoungGen      total 37888K, used 34816K [0x0000000795580000, 0x0000000798180000, 0x00000007c0000000)
  eden space 31744K, 100% used [0x0000000795580000,0x0000000797480000,0x0000000797480000)
  from space 6144K, 50% used [0x0000000797500000,0x0000000797800000,0x0000000797b00000)
  to   space 6656K, 0% used [0x0000000797b00000,0x0000000797b00000,0x0000000798180000)
 ParOldGen       total 87552K, used 3195K [0x0000000740000000, 0x0000000745580000, 0x0000000795580000)
  object space 87552K, 3% used [0x0000000740000000,0x000000074031eec0,0x0000000745580000)
 Metaspace       used 13039K, capacity 13213K, committed 13312K, reserved 1060864K
  class space    used 1467K, capacity 1533K, committed 1536K, reserved 1048576K
Event: 13.887 GC heap after
Heap after GC invocations=8 (full 0):
 PSYoungGen      total 37376K, used 3008K [0x0000000795580000, 0x0000000798100000, 0x00000007c0000000)
  eden space 31232K, 0% used [0x0000000795580000,0x0000000795580000,0x0000000797400000)
  from space 6144K, 48% used [0x0000000797b00000,0x0000000797df0000,0x0000000798100000)
  to   space 6656K, 0% used [0x0000000797400000,0x0000000797400000,0x0000000797a80000)
 ParOldGen       total 87552K, used 3227K [0x0000000740000000, 0x0000000745580000, 0x0000000795580000)
  object space 87552K, 3% used [0x0000000740000000,0x0000000740326ec0,0x0000000745580000)
 Metaspace       used 13039K, capacity 13213K, committed 13312K, reserved 1060864K
  class space    used 1467K, capacity 1533K, committed 1536K, reserved 1048576K
}
Event: 15.679 GC heap before
{Heap before GC invocations=9 (full 0):
 PSYoungGen      total 37376K, used 34240K [0x0000000795580000, 0x0000000798100000, 0x00000007c0000000)
  eden space 31232K, 100% used [0x0000000795580000,0x0000000797400000,0x0000000797400000)
  from space 6144K, 48% used [0x0000000797b00000,0x0000000797df0000,0x0000000798100000)
  to   space 6656K, 0% used [0x0000000797400000,0x0000000797400000,0x0000000797a80000)
 ParOldGen       total 87552K, used 3227K [0x0000000740000000, 0x0000000745580000, 0x0000000795580000)
  object space 87552K, 3% used [0x0000000740000000,0x0000000740326ec0,0x0000000745580000)
 Metaspace       used 13044K, capacity 13213K, committed 13312K, reserved 1060864K
  class space    used 1467K, capacity 1533K, committed 1536K, reserved 1048576K
Event: 15.689 GC heap after
Heap after GC invocations=9 (full 0):
 PSYoungGen      total 33792K, used 2976K [0x0000000795580000, 0x0000000798080000, 0x00000007c0000000)
  eden space 30720K, 0% used [0x0000000795580000,0x0000000795580000,0x0000000797380000)
  from space 3072K, 96% used [0x0000000797400000,0x00000007976e8000,0x0000000797700000)
  to   space 6656K, 0% used [0x0000000797a00000,0x0000000797a00000,0x0000000798080000)
 ParOldGen       total 87552K, used 3251K [0x0000000740000000, 0x0000000745580000, 0x0000000795580000)
  object space 87552K, 3% used [0x0000000740000000,0x000000074032cec0,0x0000000745580000)
 Metaspace       used 13044K, capacity 13213K, committed 13312K, reserved 1060864K
  class space    used 1467K, capacity 1533K, committed 1536K, reserved 1048576K
}
Event: 17.434 GC heap before
{Heap before GC invocations=10 (full 0):
 PSYoungGen      total 33792K, used 33696K [0x0000000795580000, 0x0000000798080000, 0x00000007c0000000)
  eden space 30720K, 100% used [0x0000000795580000,0x0000000797380000,0x0000000797380000)
  from space 3072K, 96% used [0x0000000797400000,0x00000007976e8000,0x0000000797700000)
  to   space 6656K, 0% used [0x0000000797a00000,0x0000000797a00000,0x0000000798080000)
 ParOldGen       total 87552K, used 3251K [0x0000000740000000, 0x0000000745580000, 0x0000000795580000)
  object space 87552K, 3% used [0x0000000740000000,0x000000074032cec0,0x0000000745580000)
 Metaspace       used 13044K, capacity 13213K, committed 13312K, reserved 1060864K
  class space    used 1467K, capacity 1533K, committed 1536K, reserved 1048576K
Event: 17.443 GC heap after
Heap after GC invocations=10 (full 0):
 PSYoungGen      total 36352K, used 2944K [0x0000000795580000, 0x0000000798000000, 0x00000007c0000000)
  eden space 30208K, 0% used [0x0000000795580000,0x0000000795580000,0x0000000797300000)
  from space 6144K, 47% used [0x0000000797a00000,0x0000000797ce0000,0x0000000798000000)
  to   space 6656K, 0% used [0x0000000797300000,0x0000000797300000,0x0000000797980000)
 ParOldGen       total 87552K, used 3259K [0x0000000740000000, 0x0000000745580000, 0x0000000795580000)
  object space 87552K, 3% used [0x0000000740000000,0x000000074032eec0,0x0000000745580000)
 Metaspace       used 13044K, capacity 13213K, committed 13312K, reserved 1060864K
  class space    used 1467K, capacity 1533K, committed 1536K, reserved 1048576K
}
Event: 19.168 GC heap before
{Heap before GC invocations=11 (full 0):
 PSYoungGen      total 36352K, used 33152K [0x0000000795580000, 0x0000000798000000, 0x00000007c0000000)
  eden space 30208K, 100% used [0x0000000795580000,0x0000000797300000,0x0000000797300000)
  from space 6144K, 47% used [0x0000000797a00000,0x0000000797ce0000,0x0000000798000000)
  to   space 6656K, 0% used [0x0000000797300000,0x0000000797300000,0x0000000797980000)
 ParOldGen       total 87552K, used 3259K [0x0000000740000000, 0x0000000745580000, 0x0000000795580000)
  object space 87552K, 3% used [0x0000000740000000,0x000000074032eec0,0x0000000745580000)
 Metaspace       used 13045K, capacity 13213K, committed 13312K, reserved 1060864K
  class space    used 1467K, capacity 1533K, committed 1536K, reserved 1048576K
Event: 19.177 GC heap after
Heap after GC invocations=11 (full 0):
 PSYoungGen      total 32768K, used 2880K [0x0000000795580000, 0x0000000797f80000, 0x00000007c0000000)
  eden space 29696K, 0% used [0x0000000795580000,0x0000000795580000,0x0000000797280000)
  from space 3072K, 93% used [0x0000000797300000,0x00000007975d0000,0x0000000797600000)
  to   space 6656K, 0% used [0x0000000797900000,0x0000000797900000,0x0000000797f80000)
 ParOldGen       total 87552K, used 3275K [0x0000000740000000, 0x0000000745580000, 0x0000000795580000)
  object space 87552K, 3% used [0x0000000740000000,0x0000000740332ec0,0x0000000745580000)
 Metaspace       used 13045K, capacity 13213K, committed 13312K, reserved 1060864K
  class space    used 1467K, capacity 1533K, committed 1536K, reserved 1048576K
}

